{"/Users/Carly/Documents/modelorama/testv1/src/models/user.model.ts": {"path":"/Users/Carly/Documents/modelorama/testv1/src/models/user.model.ts","statementMap":{"0":{"start":{"line":1,"column":0},"end":{"line":1,"column":32}},"1":{"start":{"line":4,"column":21},"end":{"line":8,"column":2}},"2":{"start":{"line":10,"column":0},"end":{"line":12,"column":null}},"3":{"start":{"line":11,"column":4},"end":{"line":11,"column":26}},"4":{"start":{"line":14,"column":13},"end":{"line":14,"column":67}},"5":{"start":{"line":16,"column":9},"end":{"line":16,"column":13}}},"fnMap":{"0":{"name":"(anonymous_1)","decl":{"start":{"line":10,"column":30},"end":{"line":10,"column":31}},"loc":{"start":{"line":10,"column":42},"end":{"line":12,"column":1}}}},"branchMap":{},"s":{"0":1,"1":1,"2":1,"3":0,"4":1,"5":1},"f":{"0":0},"b":{}}
,"/Users/Carly/Documents/modelorama/testv1/src/services/user.service.ts": {"path":"/Users/Carly/Documents/modelorama/testv1/src/services/user.service.ts","statementMap":{"0":{"start":{"line":4,"column":0},"end":{"line":4,"column":null}},"1":{"start":{"line":8,"column":8},"end":{"line":8,"column":31}},"2":{"start":{"line":11,"column":10},"end":{"line":20,"column":null}},"3":{"start":{"line":12,"column":14},"end":{"line":16,"column":null}},"4":{"start":{"line":17,"column":14},"end":{"line":17,"column":58}},"5":{"start":{"line":18,"column":8},"end":{"line":18,"column":32}},"6":{"start":{"line":19,"column":8},"end":{"line":19,"column":53}},"7":{"start":{"line":22,"column":10},"end":{"line":24,"column":null}},"8":{"start":{"line":23,"column":8},"end":{"line":23,"column":37}},"9":{"start":{"line":25,"column":0},"end":{"line":25,"column":null}}},"fnMap":{"0":{"name":"(anonymous_13)","decl":{"start":{"line":4,"column":0},"end":{"line":4,"column":null}},"loc":{"start":{"line":4,"column":0},"end":{"line":25,"column":null}}},"1":{"name":"User","decl":{"start":{"line":7,"column":4},"end":{"line":7,"column":16}},"loc":{"start":{"line":7,"column":39},"end":{"line":9,"column":5}}},"2":{"name":"(anonymous_15)","decl":{"start":{"line":11,"column":4},"end":{"line":11,"column":10}},"loc":{"start":{"line":11,"column":63},"end":{"line":20,"column":null}}},"3":{"name":"(anonymous_18)","decl":{"start":{"line":22,"column":4},"end":{"line":22,"column":10}},"loc":{"start":{"line":22,"column":4},"end":{"line":24,"column":null}}}},"branchMap":{},"s":{"0":1,"1":2,"2":1,"3":1,"4":1,"5":2,"6":1,"7":1,"8":1,"9":1},"f":{"0":1,"1":2,"2":1,"3":1},"b":{}}
}
